http://9a62f0ef45b4b649a4b7631e045ede27:192a707cfc5a22bb5de555963cca38f8@horosho-volga.ru/admin/products.xml?page=1
http://9a62f0ef45b4b649a4b7631e045ede27:192a707cfc5a22bb5de555963cca38f8@horosho-volga.ru/admin/products.xml?page=2
http://9a62f0ef45b4b649a4b7631e045ede27:192a707cfc5a22bb5de555963cca38f8@horosho-volga.ru/admin/products.xml?page=3
http://9a62f0ef45b4b649a4b7631e045ede27:192a707cfc5a22bb5de555963cca38f8@horosho-volga.ru/admin/products.xml?page=4
http://9a62f0ef45b4b649a4b7631e045ede27:192a707cfc5a22bb5de555963cca38f8@horosho-volga.ru/admin/products.xml?page=5
http://9a62f0ef45b4b649a4b7631e045ede27:192a707cfc5a22bb5de555963cca38f8@horosho-volga.ru/admin/products.xml?page=6
http://9a62f0ef45b4b649a4b7631e045ede27:192a707cfc5a22bb5de555963cca38f8@horosho-volga.ru/admin/products.xml?page=7
http://9a62f0ef45b4b649a4b7631e045ede27:192a707cfc5a22bb5de555963cca38f8@horosho-volga.ru/admin/products.xml?page=8
http://9a62f0ef45b4b649a4b7631e045ede27:192a707cfc5a22bb5de555963cca38f8@horosho-volga.ru/admin/products.xml?page=9
http://9a62f0ef45b4b649a4b7631e045ede27:192a707cfc5a22bb5de555963cca38f8@horosho-volga.ru/admin/products.xml?page=10
http://9a62f0ef45b4b649a4b7631e045ede27:192a707cfc5a22bb5de555963cca38f8@horosho-volga.ru/admin/products.xml?page=11
http://9a62f0ef45b4b649a4b7631e045ede27:192a707cfc5a22bb5de555963cca38f8@horosho-volga.ru/admin/products.xml?page=12
http://9a62f0ef45b4b649a4b7631e045ede27:192a707cfc5a22bb5de555963cca38f8@horosho-volga.ru/admin/products.xml?page=13
http://9a62f0ef45b4b649a4b7631e045ede27:192a707cfc5a22bb5de555963cca38f8@horosho-volga.ru/admin/products.xml?page=14
http://9a62f0ef45b4b649a4b7631e045ede27:192a707cfc5a22bb5de555963cca38f8@horosho-volga.ru/admin/products.xml?page=15
http://9a62f0ef45b4b649a4b7631e045ede27:192a707cfc5a22bb5de555963cca38f8@horosho-volga.ru/admin/products.xml?page=16
http://9a62f0ef45b4b649a4b7631e045ede27:192a707cfc5a22bb5de555963cca38f8@horosho-volga.ru/admin/products.xml?page=17
http://9a62f0ef45b4b649a4b7631e045ede27:192a707cfc5a22bb5de555963cca38f8@horosho-volga.ru/admin/products.xml?page=18
http://9a62f0ef45b4b649a4b7631e045ede27:192a707cfc5a22bb5de555963cca38f8@horosho-volga.ru/admin/products.xml?page=19
http://9a62f0ef45b4b649a4b7631e045ede27:192a707cfc5a22bb5de555963cca38f8@horosho-volga.ru/admin/products.xml?page=20
http://9a62f0ef45b4b649a4b7631e045ede27:192a707cfc5a22bb5de555963cca38f8@horosho-volga.ru/admin/products.xml?page=21
http://9a62f0ef45b4b649a4b7631e045ede27:192a707cfc5a22bb5de555963cca38f8@horosho-volga.ru/admin/products.xml?page=22
http://9a62f0ef45b4b649a4b7631e045ede27:192a707cfc5a22bb5de555963cca38f8@horosho-volga.ru/admin/products.xml?page=23
http://9a62f0ef45b4b649a4b7631e045ede27:192a707cfc5a22bb5de555963cca38f8@horosho-volga.ru/admin/products.xml?page=24
http://9a62f0ef45b4b649a4b7631e045ede27:192a707cfc5a22bb5de555963cca38f8@horosho-volga.ru/admin/products.xml?page=25
http://9a62f0ef45b4b649a4b7631e045ede27:192a707cfc5a22bb5de555963cca38f8@horosho-volga.ru/admin/products.xml?page=26
http://9a62f0ef45b4b649a4b7631e045ede27:192a707cfc5a22bb5de555963cca38f8@horosho-volga.ru/admin/products.xml?page=27
http://9a62f0ef45b4b649a4b7631e045ede27:192a707cfc5a22bb5de555963cca38f8@horosho-volga.ru/admin/products.xml?page=28
http://9a62f0ef45b4b649a4b7631e045ede27:192a707cfc5a22bb5de555963cca38f8@horosho-volga.ru/admin/products.xml?page=29
http://9a62f0ef45b4b649a4b7631e045ede27:192a707cfc5a22bb5de555963cca38f8@horosho-volga.ru/admin/products.xml?page=30
http://9a62f0ef45b4b649a4b7631e045ede27:192a707cfc5a22bb5de555963cca38f8@horosho-volga.ru/admin/products.xml?page=31
http://9a62f0ef45b4b649a4b7631e045ede27:192a707cfc5a22bb5de555963cca38f8@horosho-volga.ru/admin/products.xml?page=32
http://9a62f0ef45b4b649a4b7631e045ede27:192a707cfc5a22bb5de555963cca38f8@horosho-volga.ru/admin/products.xml?page=33
http://9a62f0ef45b4b649a4b7631e045ede27:192a707cfc5a22bb5de555963cca38f8@horosho-volga.ru/admin/products.xml?page=34
http://9a62f0ef45b4b649a4b7631e045ede27:192a707cfc5a22bb5de555963cca38f8@horosho-volga.ru/admin/products.xml?page=35
http://9a62f0ef45b4b649a4b7631e045ede27:192a707cfc5a22bb5de555963cca38f8@horosho-volga.ru/admin/products.xml?page=36
http://9a62f0ef45b4b649a4b7631e045ede27:192a707cfc5a22bb5de555963cca38f8@horosho-volga.ru/admin/products.xml?page=37
http://9a62f0ef45b4b649a4b7631e045ede27:192a707cfc5a22bb5de555963cca38f8@horosho-volga.ru/admin/products.xml?page=38
http://9a62f0ef45b4b649a4b7631e045ede27:192a707cfc5a22bb5de555963cca38f8@horosho-volga.ru/admin/products.xml?page=39
http://9a62f0ef45b4b649a4b7631e045ede27:192a707cfc5a22bb5de555963cca38f8@horosho-volga.ru/admin/products.xml?page=40
http://9a62f0ef45b4b649a4b7631e045ede27:192a707cfc5a22bb5de555963cca38f8@horosho-volga.ru/admin/products.xml?page=41
http://9a62f0ef45b4b649a4b7631e045ede27:192a707cfc5a22bb5de555963cca38f8@horosho-volga.ru/admin/products.xml?page=42
http://9a62f0ef45b4b649a4b7631e045ede27:192a707cfc5a22bb5de555963cca38f8@horosho-volga.ru/admin/products.xml?page=43
http://9a62f0ef45b4b649a4b7631e045ede27:192a707cfc5a22bb5de555963cca38f8@horosho-volga.ru/admin/products.xml?page=44
http://9a62f0ef45b4b649a4b7631e045ede27:192a707cfc5a22bb5de555963cca38f8@horosho-volga.ru/admin/products.xml?page=45
http://9a62f0ef45b4b649a4b7631e045ede27:192a707cfc5a22bb5de555963cca38f8@horosho-volga.ru/admin/products.xml?page=46
http://9a62f0ef45b4b649a4b7631e045ede27:192a707cfc5a22bb5de555963cca38f8@horosho-volga.ru/admin/products.xml?page=47
http://9a62f0ef45b4b649a4b7631e045ede27:192a707cfc5a22bb5de555963cca38f8@horosho-volga.ru/admin/products.xml?page=48
http://9a62f0ef45b4b649a4b7631e045ede27:192a707cfc5a22bb5de555963cca38f8@horosho-volga.ru/admin/products.xml?page=49
http://9a62f0ef45b4b649a4b7631e045ede27:192a707cfc5a22bb5de555963cca38f8@horosho-volga.ru/admin/products.xml?page=50
http://9a62f0ef45b4b649a4b7631e045ede27:192a707cfc5a22bb5de555963cca38f8@horosho-volga.ru/admin/products.xml?page=51
http://9a62f0ef45b4b649a4b7631e045ede27:192a707cfc5a22bb5de555963cca38f8@horosho-volga.ru/admin/products.xml?page=52
http://9a62f0ef45b4b649a4b7631e045ede27:192a707cfc5a22bb5de555963cca38f8@horosho-volga.ru/admin/products.xml?page=53
http://9a62f0ef45b4b649a4b7631e045ede27:192a707cfc5a22bb5de555963cca38f8@horosho-volga.ru/admin/products.xml?page=54
http://9a62f0ef45b4b649a4b7631e045ede27:192a707cfc5a22bb5de555963cca38f8@horosho-volga.ru/admin/products.xml?page=55
http://9a62f0ef45b4b649a4b7631e045ede27:192a707cfc5a22bb5de555963cca38f8@horosho-volga.ru/admin/products.xml?page=56
http://9a62f0ef45b4b649a4b7631e045ede27:192a707cfc5a22bb5de555963cca38f8@horosho-volga.ru/admin/products.xml?page=57
http://9a62f0ef45b4b649a4b7631e045ede27:192a707cfc5a22bb5de555963cca38f8@horosho-volga.ru/admin/products.xml?page=58
http://9a62f0ef45b4b649a4b7631e045ede27:192a707cfc5a22bb5de555963cca38f8@horosho-volga.ru/admin/products.xml?page=59
http://9a62f0ef45b4b649a4b7631e045ede27:192a707cfc5a22bb5de555963cca38f8@horosho-volga.ru/admin/products.xml?page=60
http://9a62f0ef45b4b649a4b7631e045ede27:192a707cfc5a22bb5de555963cca38f8@horosho-volga.ru/admin/products.xml?page=61
http://9a62f0ef45b4b649a4b7631e045ede27:192a707cfc5a22bb5de555963cca38f8@horosho-volga.ru/admin/products.xml?page=62
http://9a62f0ef45b4b649a4b7631e045ede27:192a707cfc5a22bb5de555963cca38f8@horosho-volga.ru/admin/products.xml?page=63
http://9a62f0ef45b4b649a4b7631e045ede27:192a707cfc5a22bb5de555963cca38f8@horosho-volga.ru/admin/products.xml?page=64
http://9a62f0ef45b4b649a4b7631e045ede27:192a707cfc5a22bb5de555963cca38f8@horosho-volga.ru/admin/products.xml?page=65
http://9a62f0ef45b4b649a4b7631e045ede27:192a707cfc5a22bb5de555963cca38f8@horosho-volga.ru/admin/products.xml?page=66
http://9a62f0ef45b4b649a4b7631e045ede27:192a707cfc5a22bb5de555963cca38f8@horosho-volga.ru/admin/products.xml?page=67
http://9a62f0ef45b4b649a4b7631e045ede27:192a707cfc5a22bb5de555963cca38f8@horosho-volga.ru/admin/products.xml?page=68
http://9a62f0ef45b4b649a4b7631e045ede27:192a707cfc5a22bb5de555963cca38f8@horosho-volga.ru/admin/products.xml?page=69
http://9a62f0ef45b4b649a4b7631e045ede27:192a707cfc5a22bb5de555963cca38f8@horosho-volga.ru/admin/products.xml?page=70
http://9a62f0ef45b4b649a4b7631e045ede27:192a707cfc5a22bb5de555963cca38f8@horosho-volga.ru/admin/products.xml?page=71
http://9a62f0ef45b4b649a4b7631e045ede27:192a707cfc5a22bb5de555963cca38f8@horosho-volga.ru/admin/products.xml?page=72
http://9a62f0ef45b4b649a4b7631e045ede27:192a707cfc5a22bb5de555963cca38f8@horosho-volga.ru/admin/products.xml?page=73
http://9a62f0ef45b4b649a4b7631e045ede27:192a707cfc5a22bb5de555963cca38f8@horosho-volga.ru/admin/products.xml?page=74
http://9a62f0ef45b4b649a4b7631e045ede27:192a707cfc5a22bb5de555963cca38f8@horosho-volga.ru/admin/products.xml?page=75
http://9a62f0ef45b4b649a4b7631e045ede27:192a707cfc5a22bb5de555963cca38f8@horosho-volga.ru/admin/products.xml?page=76
http://9a62f0ef45b4b649a4b7631e045ede27:192a707cfc5a22bb5de555963cca38f8@horosho-volga.ru/admin/products.xml?page=77
http://9a62f0ef45b4b649a4b7631e045ede27:192a707cfc5a22bb5de555963cca38f8@horosho-volga.ru/admin/products.xml?page=78
http://9a62f0ef45b4b649a4b7631e045ede27:192a707cfc5a22bb5de555963cca38f8@horosho-volga.ru/admin/products.xml?page=79
http://9a62f0ef45b4b649a4b7631e045ede27:192a707cfc5a22bb5de555963cca38f8@horosho-volga.ru/admin/products.xml?page=80
http://9a62f0ef45b4b649a4b7631e045ede27:192a707cfc5a22bb5de555963cca38f8@horosho-volga.ru/admin/products.xml?page=81
http://9a62f0ef45b4b649a4b7631e045ede27:192a707cfc5a22bb5de555963cca38f8@horosho-volga.ru/admin/products.xml?page=82
http://9a62f0ef45b4b649a4b7631e045ede27:192a707cfc5a22bb5de555963cca38f8@horosho-volga.ru/admin/products.xml?page=83
http://9a62f0ef45b4b649a4b7631e045ede27:192a707cfc5a22bb5de555963cca38f8@horosho-volga.ru/admin/products.xml?page=84
http://9a62f0ef45b4b649a4b7631e045ede27:192a707cfc5a22bb5de555963cca38f8@horosho-volga.ru/admin/products.xml?page=85
http://9a62f0ef45b4b649a4b7631e045ede27:192a707cfc5a22bb5de555963cca38f8@horosho-volga.ru/admin/products.xml?page=86
http://9a62f0ef45b4b649a4b7631e045ede27:192a707cfc5a22bb5de555963cca38f8@horosho-volga.ru/admin/products.xml?page=87
http://9a62f0ef45b4b649a4b7631e045ede27:192a707cfc5a22bb5de555963cca38f8@horosho-volga.ru/admin/products.xml?page=88
http://9a62f0ef45b4b649a4b7631e045ede27:192a707cfc5a22bb5de555963cca38f8@horosho-volga.ru/admin/products.xml?page=89
http://9a62f0ef45b4b649a4b7631e045ede27:192a707cfc5a22bb5de555963cca38f8@horosho-volga.ru/admin/products.xml?page=90
http://9a62f0ef45b4b649a4b7631e045ede27:192a707cfc5a22bb5de555963cca38f8@horosho-volga.ru/admin/products.xml?page=91
http://9a62f0ef45b4b649a4b7631e045ede27:192a707cfc5a22bb5de555963cca38f8@horosho-volga.ru/admin/products.xml?page=92
http://9a62f0ef45b4b649a4b7631e045ede27:192a707cfc5a22bb5de555963cca38f8@horosho-volga.ru/admin/products.xml?page=93
http://9a62f0ef45b4b649a4b7631e045ede27:192a707cfc5a22bb5de555963cca38f8@horosho-volga.ru/admin/products.xml?page=94
http://9a62f0ef45b4b649a4b7631e045ede27:192a707cfc5a22bb5de555963cca38f8@horosho-volga.ru/admin/products.xml?page=95
http://9a62f0ef45b4b649a4b7631e045ede27:192a707cfc5a22bb5de555963cca38f8@horosho-volga.ru/admin/products.xml?page=96
http://9a62f0ef45b4b649a4b7631e045ede27:192a707cfc5a22bb5de555963cca38f8@horosho-volga.ru/admin/products.xml?page=97
http://9a62f0ef45b4b649a4b7631e045ede27:192a707cfc5a22bb5de555963cca38f8@horosho-volga.ru/admin/products.xml?page=98
http://9a62f0ef45b4b649a4b7631e045ede27:192a707cfc5a22bb5de555963cca38f8@horosho-volga.ru/admin/products.xml?page=99
http://9a62f0ef45b4b649a4b7631e045ede27:192a707cfc5a22bb5de555963cca38f8@horosho-volga.ru/admin/products.xml?page=100
http://9a62f0ef45b4b649a4b7631e045ede27:192a707cfc5a22bb5de555963cca38f8@horosho-volga.ru/admin/products.xml?page=101
http://9a62f0ef45b4b649a4b7631e045ede27:192a707cfc5a22bb5de555963cca38f8@horosho-volga.ru/admin/products.xml?page=102
http://9a62f0ef45b4b649a4b7631e045ede27:192a707cfc5a22bb5de555963cca38f8@horosho-volga.ru/admin/products.xml?page=103
http://9a62f0ef45b4b649a4b7631e045ede27:192a707cfc5a22bb5de555963cca38f8@horosho-volga.ru/admin/products.xml?page=104
http://9a62f0ef45b4b649a4b7631e045ede27:192a707cfc5a22bb5de555963cca38f8@horosho-volga.ru/admin/products.xml?page=105
http://9a62f0ef45b4b649a4b7631e045ede27:192a707cfc5a22bb5de555963cca38f8@horosho-volga.ru/admin/products.xml?page=106
http://9a62f0ef45b4b649a4b7631e045ede27:192a707cfc5a22bb5de555963cca38f8@horosho-volga.ru/admin/products.xml?page=107
http://9a62f0ef45b4b649a4b7631e045ede27:192a707cfc5a22bb5de555963cca38f8@horosho-volga.ru/admin/products.xml?page=108
http://9a62f0ef45b4b649a4b7631e045ede27:192a707cfc5a22bb5de555963cca38f8@horosho-volga.ru/admin/products.xml?page=109
http://9a62f0ef45b4b649a4b7631e045ede27:192a707cfc5a22bb5de555963cca38f8@horosho-volga.ru/admin/products.xml?page=110
http://9a62f0ef45b4b649a4b7631e045ede27:192a707cfc5a22bb5de555963cca38f8@horosho-volga.ru/admin/products.xml?page=111
http://9a62f0ef45b4b649a4b7631e045ede27:192a707cfc5a22bb5de555963cca38f8@horosho-volga.ru/admin/products.xml?page=112
http://9a62f0ef45b4b649a4b7631e045ede27:192a707cfc5a22bb5de555963cca38f8@horosho-volga.ru/admin/products.xml?page=113
http://9a62f0ef45b4b649a4b7631e045ede27:192a707cfc5a22bb5de555963cca38f8@horosho-volga.ru/admin/products.xml?page=114
http://9a62f0ef45b4b649a4b7631e045ede27:192a707cfc5a22bb5de555963cca38f8@horosho-volga.ru/admin/products.xml?page=115
http://9a62f0ef45b4b649a4b7631e045ede27:192a707cfc5a22bb5de555963cca38f8@horosho-volga.ru/admin/products.xml?page=116
http://9a62f0ef45b4b649a4b7631e045ede27:192a707cfc5a22bb5de555963cca38f8@horosho-volga.ru/admin/products.xml?page=117
http://9a62f0ef45b4b649a4b7631e045ede27:192a707cfc5a22bb5de555963cca38f8@horosho-volga.ru/admin/products.xml?page=118
http://9a62f0ef45b4b649a4b7631e045ede27:192a707cfc5a22bb5de555963cca38f8@horosho-volga.ru/admin/products.xml?page=119
http://9a62f0ef45b4b649a4b7631e045ede27:192a707cfc5a22bb5de555963cca38f8@horosho-volga.ru/admin/products.xml?page=120
http://9a62f0ef45b4b649a4b7631e045ede27:192a707cfc5a22bb5de555963cca38f8@horosho-volga.ru/admin/products.xml?page=121
http://9a62f0ef45b4b649a4b7631e045ede27:192a707cfc5a22bb5de555963cca38f8@horosho-volga.ru/admin/products.xml?page=122
http://9a62f0ef45b4b649a4b7631e045ede27:192a707cfc5a22bb5de555963cca38f8@horosho-volga.ru/admin/products.xml?page=123
http://9a62f0ef45b4b649a4b7631e045ede27:192a707cfc5a22bb5de555963cca38f8@horosho-volga.ru/admin/products.xml?page=124
http://9a62f0ef45b4b649a4b7631e045ede27:192a707cfc5a22bb5de555963cca38f8@horosho-volga.ru/admin/products.xml?page=125
http://9a62f0ef45b4b649a4b7631e045ede27:192a707cfc5a22bb5de555963cca38f8@horosho-volga.ru/admin/products.xml?page=126
http://9a62f0ef45b4b649a4b7631e045ede27:192a707cfc5a22bb5de555963cca38f8@horosho-volga.ru/admin/products.xml?page=127
http://9a62f0ef45b4b649a4b7631e045ede27:192a707cfc5a22bb5de555963cca38f8@horosho-volga.ru/admin/products.xml?page=128
http://9a62f0ef45b4b649a4b7631e045ede27:192a707cfc5a22bb5de555963cca38f8@horosho-volga.ru/admin/products.xml?page=129
http://9a62f0ef45b4b649a4b7631e045ede27:192a707cfc5a22bb5de555963cca38f8@horosho-volga.ru/admin/products.xml?page=130
http://9a62f0ef45b4b649a4b7631e045ede27:192a707cfc5a22bb5de555963cca38f8@horosho-volga.ru/admin/products.xml?page=131
http://9a62f0ef45b4b649a4b7631e045ede27:192a707cfc5a22bb5de555963cca38f8@horosho-volga.ru/admin/products.xml?page=132
http://9a62f0ef45b4b649a4b7631e045ede27:192a707cfc5a22bb5de555963cca38f8@horosho-volga.ru/admin/products.xml?page=133
http://9a62f0ef45b4b649a4b7631e045ede27:192a707cfc5a22bb5de555963cca38f8@horosho-volga.ru/admin/products.xml?page=134
http://9a62f0ef45b4b649a4b7631e045ede27:192a707cfc5a22bb5de555963cca38f8@horosho-volga.ru/admin/products.xml?page=135
http://9a62f0ef45b4b649a4b7631e045ede27:192a707cfc5a22bb5de555963cca38f8@horosho-volga.ru/admin/products.xml?page=136
http://9a62f0ef45b4b649a4b7631e045ede27:192a707cfc5a22bb5de555963cca38f8@horosho-volga.ru/admin/products.xml?page=137
http://9a62f0ef45b4b649a4b7631e045ede27:192a707cfc5a22bb5de555963cca38f8@horosho-volga.ru/admin/products.xml?page=138
http://9a62f0ef45b4b649a4b7631e045ede27:192a707cfc5a22bb5de555963cca38f8@horosho-volga.ru/admin/products.xml?page=139
http://9a62f0ef45b4b649a4b7631e045ede27:192a707cfc5a22bb5de555963cca38f8@horosho-volga.ru/admin/products.xml?page=140
http://9a62f0ef45b4b649a4b7631e045ede27:192a707cfc5a22bb5de555963cca38f8@horosho-volga.ru/admin/products.xml?page=141
http://9a62f0ef45b4b649a4b7631e045ede27:192a707cfc5a22bb5de555963cca38f8@horosho-volga.ru/admin/products.xml?page=142
http://9a62f0ef45b4b649a4b7631e045ede27:192a707cfc5a22bb5de555963cca38f8@horosho-volga.ru/admin/products.xml?page=143
http://9a62f0ef45b4b649a4b7631e045ede27:192a707cfc5a22bb5de555963cca38f8@horosho-volga.ru/admin/products.xml?page=144
http://9a62f0ef45b4b649a4b7631e045ede27:192a707cfc5a22bb5de555963cca38f8@horosho-volga.ru/admin/products.xml?page=145
http://9a62f0ef45b4b649a4b7631e045ede27:192a707cfc5a22bb5de555963cca38f8@horosho-volga.ru/admin/products.xml?page=146
http://9a62f0ef45b4b649a4b7631e045ede27:192a707cfc5a22bb5de555963cca38f8@horosho-volga.ru/admin/products.xml?page=147
http://9a62f0ef45b4b649a4b7631e045ede27:192a707cfc5a22bb5de555963cca38f8@horosho-volga.ru/admin/products.xml?page=148
http://9a62f0ef45b4b649a4b7631e045ede27:192a707cfc5a22bb5de555963cca38f8@horosho-volga.ru/admin/products.xml?page=149
http://9a62f0ef45b4b649a4b7631e045ede27:192a707cfc5a22bb5de555963cca38f8@horosho-volga.ru/admin/products.xml?page=150
http://9a62f0ef45b4b649a4b7631e045ede27:192a707cfc5a22bb5de555963cca38f8@horosho-volga.ru/admin/products.xml?page=151
http://9a62f0ef45b4b649a4b7631e045ede27:192a707cfc5a22bb5de555963cca38f8@horosho-volga.ru/admin/products.xml?page=152
http://9a62f0ef45b4b649a4b7631e045ede27:192a707cfc5a22bb5de555963cca38f8@horosho-volga.ru/admin/products.xml?page=153
http://9a62f0ef45b4b649a4b7631e045ede27:192a707cfc5a22bb5de555963cca38f8@horosho-volga.ru/admin/products.xml?page=154
http://9a62f0ef45b4b649a4b7631e045ede27:192a707cfc5a22bb5de555963cca38f8@horosho-volga.ru/admin/products.xml?page=155
http://9a62f0ef45b4b649a4b7631e045ede27:192a707cfc5a22bb5de555963cca38f8@horosho-volga.ru/admin/products.xml?page=156
http://9a62f0ef45b4b649a4b7631e045ede27:192a707cfc5a22bb5de555963cca38f8@horosho-volga.ru/admin/products.xml?page=157
http://9a62f0ef45b4b649a4b7631e045ede27:192a707cfc5a22bb5de555963cca38f8@horosho-volga.ru/admin/products.xml?page=158
http://9a62f0ef45b4b649a4b7631e045ede27:192a707cfc5a22bb5de555963cca38f8@horosho-volga.ru/admin/products.xml?page=159
http://9a62f0ef45b4b649a4b7631e045ede27:192a707cfc5a22bb5de555963cca38f8@horosho-volga.ru/admin/products.xml?page=160
http://9a62f0ef45b4b649a4b7631e045ede27:192a707cfc5a22bb5de555963cca38f8@horosho-volga.ru/admin/products.xml?page=161
http://9a62f0ef45b4b649a4b7631e045ede27:192a707cfc5a22bb5de555963cca38f8@horosho-volga.ru/admin/products.xml?page=162
http://9a62f0ef45b4b649a4b7631e045ede27:192a707cfc5a22bb5de555963cca38f8@horosho-volga.ru/admin/products.xml?page=163
http://9a62f0ef45b4b649a4b7631e045ede27:192a707cfc5a22bb5de555963cca38f8@horosho-volga.ru/admin/products.xml?page=164
http://9a62f0ef45b4b649a4b7631e045ede27:192a707cfc5a22bb5de555963cca38f8@horosho-volga.ru/admin/products.xml?page=165
http://9a62f0ef45b4b649a4b7631e045ede27:192a707cfc5a22bb5de555963cca38f8@horosho-volga.ru/admin/collects.xml?page=1
http://9a62f0ef45b4b649a4b7631e045ede27:192a707cfc5a22bb5de555963cca38f8@horosho-volga.ru/admin/collects.xml?page=2
http://9a62f0ef45b4b649a4b7631e045ede27:192a707cfc5a22bb5de555963cca38f8@horosho-volga.ru/admin/collects.xml?page=3
http://9a62f0ef45b4b649a4b7631e045ede27:192a707cfc5a22bb5de555963cca38f8@horosho-volga.ru/admin/collects.xml?page=4
http://9a62f0ef45b4b649a4b7631e045ede27:192a707cfc5a22bb5de555963cca38f8@horosho-volga.ru/admin/collects.xml?page=5
http://9a62f0ef45b4b649a4b7631e045ede27:192a707cfc5a22bb5de555963cca38f8@horosho-volga.ru/admin/collects.xml?page=6
http://9a62f0ef45b4b649a4b7631e045ede27:192a707cfc5a22bb5de555963cca38f8@horosho-volga.ru/admin/collects.xml?page=7
http://9a62f0ef45b4b649a4b7631e045ede27:192a707cfc5a22bb5de555963cca38f8@horosho-volga.ru/admin/collects.xml?page=8
http://9a62f0ef45b4b649a4b7631e045ede27:192a707cfc5a22bb5de555963cca38f8@horosho-volga.ru/admin/collects.xml?page=9
http://9a62f0ef45b4b649a4b7631e045ede27:192a707cfc5a22bb5de555963cca38f8@horosho-volga.ru/admin/collects.xml?page=10
http://9a62f0ef45b4b649a4b7631e045ede27:192a707cfc5a22bb5de555963cca38f8@horosho-volga.ru/admin/collects.xml?page=11
http://9a62f0ef45b4b649a4b7631e045ede27:192a707cfc5a22bb5de555963cca38f8@horosho-volga.ru/admin/collects.xml?page=12
http://9a62f0ef45b4b649a4b7631e045ede27:192a707cfc5a22bb5de555963cca38f8@horosho-volga.ru/admin/collects.xml?page=13
http://9a62f0ef45b4b649a4b7631e045ede27:192a707cfc5a22bb5de555963cca38f8@horosho-volga.ru/admin/collects.xml?page=14
http://9a62f0ef45b4b649a4b7631e045ede27:192a707cfc5a22bb5de555963cca38f8@horosho-volga.ru/admin/collects.xml?page=15
http://9a62f0ef45b4b649a4b7631e045ede27:192a707cfc5a22bb5de555963cca38f8@horosho-volga.ru/admin/collects.xml?page=16
http://9a62f0ef45b4b649a4b7631e045ede27:192a707cfc5a22bb5de555963cca38f8@horosho-volga.ru/admin/collects.xml?page=17
http://9a62f0ef45b4b649a4b7631e045ede27:192a707cfc5a22bb5de555963cca38f8@horosho-volga.ru/admin/collects.xml?page=18
http://9a62f0ef45b4b649a4b7631e045ede27:192a707cfc5a22bb5de555963cca38f8@horosho-volga.ru/admin/collects.xml?page=19
http://9a62f0ef45b4b649a4b7631e045ede27:192a707cfc5a22bb5de555963cca38f8@horosho-volga.ru/admin/collects.xml?page=20
http://9a62f0ef45b4b649a4b7631e045ede27:192a707cfc5a22bb5de555963cca38f8@horosho-volga.ru/admin/collects.xml?page=21
http://9a62f0ef45b4b649a4b7631e045ede27:192a707cfc5a22bb5de555963cca38f8@horosho-volga.ru/admin/collects.xml?page=22
http://9a62f0ef45b4b649a4b7631e045ede27:192a707cfc5a22bb5de555963cca38f8@horosho-volga.ru/admin/collects.xml?page=23
http://9a62f0ef45b4b649a4b7631e045ede27:192a707cfc5a22bb5de555963cca38f8@horosho-volga.ru/admin/collections.xml
Successfully connected!

220 Welcome to FTP Horosho na Volge
Successful download!
reading file: site.csv
morphing input information
calculating articuls
new artikuls: 1
old artikuls: 16
new collection chains:1
old collection chains:0
1
1
1
1
1
1
1
1
1
1
1
1
1
1
1
1
1
1
1
1
1
1
1
1
1
1
1
1
1
1
1
1
1
1
1
1
1
1
1
1
1
1
1
1
1
1
1
1
1
1
1
1
1
1
1
1
1
1
1
1
1
1
1
1
1
1
1
1
1
1
1
1
1
1
1
1
1
1
1
1
1
1
1
1
1
1
1
1
1
1
1
1
1
1
1
1
1
1
1
1
1
1
1
1
1
1
1
1
1
1
1
1
1
1
1
1
1
1
1
1
1
1
1
1
1
1
1
1
1
1
1
1
1
1
1
1
1
1
1
1
1
1
1
1
1
1
1
1
1
1
1
1
1
1
1
1
1
1
1
1
1
1
1
1
1
1
1
1
1
1
1
1
1
1
1
1
1
1
1
1
1
1
1
1
1
1
1
1
1
1
1
1
1
1
1
1
1
1
1
1
1
1
1
1
1
1
1
1
1
1
1
1
1
1
1
1
1
1
1
1
1
1
1
1
1
1
1
1
1
1
1
1
1
1
1
1
1
1
1
1
1
1
1
1
1
1
1
1
1
1
1
1
1
1
1
1
1
1
1
1
1
1
1
1
1
1
1
1
1
1
1
1
1
1
1
1
1
1
1
1
1
1
1
1
1
1
1
1
1
1
1
1
1
1
1
1
1
1
1
1
1
1
1
1
1
1
1
1
1
1
1
1
1
1
1
1
1
1
1
1
1
1
1
1
1
1
1
1
1
1
1
1
1
1
1
1
1
1
1
1
1
1
1
1
1
1
1
1
1
1
1
1
1
1
1
1
1
1
1
1
1
1
1
1
1
1
1
1
1
1
1
1
1
1
1
1
1
1
1
1
1
1
1
1
1
1
1
1
1
1
1
1
1
1
1
1
1
1
1
1
1
1
1
1
1
1
1
1
1
1
1
1
1
1
1
1
1
1
1
1
1
1
1
1
1
1
1
1
1
1
1
1
1
1
1
1
1
1
1
1
1
1
1
1
1
1
1
1
1
1
1
1
1
1
1
1
1
1
1
1
1
1
1
1
1
1
1
1
1
1
1
1
1
1
1
1
1
1
1
1
1
1
1
1
1
1
1
1
1
1
1
1
1
1
1
1
1
1
1
1
1
1
1
1
1
1
1
1
1
1
1
1
1
1
1
1
1
1
1
1
1
1
1
1
1
1
1
1
1
1
1
1
1
1
1
1
1
1
1
1
1
1
1
1
1
1
1
1
1
1
1
1
1
1
1
1
1
1
1
1
1
1
1
1
1
1
1
1
1
1
1
1
1
1
1
1
1
1
1
1
1
1
1
1
1
1
1
1
1
1
1
1
1
1
1
1
1
1
1
1
1
1
1
1
1
1
1
1
1
1
1
1
1
1
1
1
1
1
1
1
1
1
1
1
1
1
1
1
1
1
1
1
1
1
1
1
1
1
1
1
1
1
1
1
1
1
1
1
1
1
1
1
1
1
1
1
1
1
1
1
1
1
1
1
1
1
1
1
1
1
1
1
1
1
1
1
1
1
1
1
1
1
1
1
1
1
1
1
1
1
1
1
1
1
1
1
1
1
1
1
1
1
1
1
1
0
1
1
1
1
1
1
1
1
1
1
1
1
1
1
1
1
1
1
1
1
1
1
1
1
1
1
1
1
1
1
1
1
1
1
1
1
1
1
1
1
1
1
1
1
1
1
1
1
1
1
1
1
1
1
1
1
1
1
1
1
1
1
1
1
1
1
1
1
1
1
1
1
1
1
1
1
1
1
1
1
1
1
1
1
1
1
1
1
1
1
1
1
1
1
1
1
1
1
1
1
1
1
1
1
1
1
1
1
1
1
1
1
1
1
1
1
1
1
1
1
1
1
1
1
1
1
1
1
1
1
1
1
1
1
1
1
1
1
1
1
1
1
1
1
1
1
1
1
1
1
1
1
1
1
1
1
1
1
1
1
1
1
1
1
1
1
1
1
1
1
1
1
1
1
1
1
1
1
1
1
1
1
1
1
1
1
1
1
1
1
1
1
1
1
1
1
1
1
1
1
1
1
1
1
1
1
1
1
1
1
1
1
1
1
1
1
1
1
1
1
1
1
1
1
1
1
1
1
1
1
1
1
1
1
1
1
1
1
1
1
1
1
1
1
1
1
1
1
1
1
1
1
1
1
1
1
1
1
1
1
1
1
1
1
1
1
1
1
1
1
1
1
1
1
1
1
1
1
1
1
1
1
1
1
1
1
1
1
1
1
1
1
1
1
1
1
1
1
1
1
1
1
1
1
1
1
1
1
1
1
1
1
1
1
1
1
1
1
1
1
1
1
1
1
1
1
1
1
1
1
1
1
1
1
1
1
1
1
1
1
1
1
1
1
1
1
1
1
1
1
1
1
1
1
1
1
1
1
1
1
1
1
1
1
1
1
1
1
1
1
1
1
1
1
1
1
1
1
1
1
1
1
1
1
1
1
1
1
1
1
1
1
1
1
1
1
1
1
1
1
1
1
1
1
1
1
1
1
1
1
1
1
1
1
1
1
1
1
1
1
1
1
1
1
1
1
1
1
1
1
1
1
1
1
1
1
1
1
1
1
1
1
1
1
1
1
1
1
1
1
1
1
1
1
1
1
1
1
1
1
1
1
1
1
1
1
1
1
1
1
1
1
1
1
1
1
1
1
1
1
1
1
1
1
1
1
1
1
1
1
1
1
1
1
1
1
1
1
1
1
1
1
1
1
1
1
1
1
1
1
1
1
1
1
1
1
1
1
1
1
1
1
1
1
1
1
1
1
1
1
1
1
1
1
1
1
1
1
1
1
1
1
1
1
1
1
1
1
1
1
1
1
1
1
1
1
1
1
1
1
1
1
1
1
1
1
1
1
1
1
1
1
1
1
1
1
1
1
1
1
1
1
1
1
1
1
1
1
1
1
1
1
1
1
1
1
1
1
1
1
1
1
1
1
1
1
1
1
1
1
1
1
1
1
1
1
1
1
1
1
1
1
1
1
1
1
1
1
1
1
1
1
1
1
1
1
1
1
1
1
1
1
1
1
1
1
0
1
1
1
1
1
1
1
1
1
1
1
1
1
1
1
1
1
1
1
1
1
1
1
1
1
1
1
1
1
1
1
1
1
1
1
1
1
1
1
1
1
1
1
1
1
1
1
1
1
1
1
1
1
1
1
1
1
1
1
1
1
1
1
1
1
1
1
1
1
1
1
1
1
1
1
1
1
1
1
1
1
1
1
1
1
1
1
1
1
1
1
1
1
1
1
1
1
1
1
1
1
1
1
1
1
1
1
1
1
1
1
1
1
1
1
1
1
1
1
1
1
1
1
1
1
1
1
1
1
1
1
1
1
1
1
1
1
1
1
1
1
1
1
1
1
1
1
1
1
1
1
1
1
1
1
1
1
1
1
1
1
1
1
1
1
1
1
1
1
1
1
1
1
1
1
1
1
1
1
1
1
1
1
1
1
1
1
1
1
1
1
1
1
1
1
1
1
1
1
1
1
1
1
1
1
1
1
1
1
1
1
1
1
1
1
1
1
1
1
1
1
1
1
1
1
1
1
1
1
1
1
1
1
1
1
1
1
1
1
1
1
1
1
1
1
1
1
1
1
1
1
1
1
1
1
1
1
1
1
1
1
1
1
1
1
1
1
1
1
1
1
1
1
1
1
1
1
1
1
1
1
1
1
1
1
1
1
1
1
1
1
1
1
1
1
1
1
1
1
1
1
1
1
1
1
1
1
1
1
1
1
1
1
1
1
1
1
1
1
1
1
1
1
1
1
1
1
0
1
1
1
1
1
1
1
1
1
1
1
1
1
1
1
1
1
1
1
1
1
1
1
1
1
1
1
1
1
1
1
1
1
1
1
1
1
1
1
1
1
1
1
1
1
1
1
1
1
1
1
1
1
1
1
1
1
1
1
1
1
1
1
1
1
1
1
1
1
1
1
1
1
1
1
1
1
1
1
1
1
1
1
1
1
0
1
0
0
0
0
0
0
0
1
1
1
1
1
1
1
1
1
1
1
1
1
1
1
1
1
1
1
1
1
1
1
1
1
1
1
1
1
1
1
1
1
1
1
1
1
1
1
1
1
1
1
1
1
1
1
1
1
1
1
1
1
1
1
1
1
1
1
1
1
1
1
1
1
1
1
1
1
1
1
1
1
1
1
1
1
1
1
1
1
1
1
1
1
1
1
1
1
1
1
1
1
1
1
1
1
1
1
1
1
1
1
1
1
1
1
1
1
1
1
1
1
1
1
1
1
1
1
1
1
1
1
1
1
1
1
1
1
1
1
1
1
1
1
1
1
1
1
1
1
1
1
1
1
1
1
1
1
1
1
1
1
1
1
1
1
1
1
1
1
1
1
1
1
1
1
1
1
1
1
1
1
1
1
1
1
1
1
1
1
1
1
1
1
1
1
0
1
1
1
1
1
1
1
1
1
1
1
1
1
1
1
1
1
1
1
1
1
1
1
1
1
1
1
1
1
1
1
1
1
1
1
1
1
1
1
1
1
1
1
1
1
1
1
1
1
1
1
1
1
1
1
1
1
1
1
1
1
1
1
1
1
1
1
1
1
1
1
1
1
1
1
1
1
1
1
1
1
1
1
1
1
1
1
1
1
1
1
1
1
1
1
1
1
1
1
1
1
1
1
1
1
1
1
1
1
1
1
1
1
1
1
1
1
1
1
1
1
1
1
1
1
1
1
1
1
1
1
1
1
1
1
1
1
1
1
1
1
1
1
1
1
1
1
1
1
1
1
1
1
1
1
1
1
1
1
1
1
1
1
1
1
1
1
1
1
1
1
1
1
1
1
1
1
1
1
1
1
1
1
1
1
1
1
1
1
1
1
1
1
1
1
1
1
1
1
1
1
1
1
1
1
1
1
1
1
1
1
1
1
1
1
1
1
1
1
1
1
1
1
1
1
1
1
1
1
1
1
1
1
1
1
1
1
1
1
1
1
1
1
1
1
1
1
1
1
1
1
1
1
1
1
1
1
1
1
1
1
1
1
1
1
1
1
1
1
1
1
1
1
1
1
1
1
1
1
1
1
1
1
1
1
1
1
1
1
1
1
1
1
1
1
1
1
1
1
1
1
1
1
1
1
1
1
1
1
1
1
1
1
1
1
1
1
1
1
1
1
1
1
1
1
0
1
1
1
1
1
1
1
1
1
1
1
1
1
1
1
1
1
1
1
1
1
1
1
1
1
1
1
1
1
1
1
1
1
1
1
1
1
1
1
1
1
1
1
1
1
1
1
1
1
1
1
1
1
1
1
1
1
1
1
1
1
1
1
1
1
1
1
1
1
1
1
1
1
1
1
1
1
1
1
1
1
1
1
1
1
1
1
1
1
1
1
1
1
1
1
1
1
1
1
1
1
1
1
1
1
1
1
1
1
1
1
1
1
1
1
1
1
1
1
1
1
1
1
1
1
1
1
1
1
1
1
1
1
1
1
1
1
1
1
1
1
1
1
1
1
1
1
1
1
1
1
1
1
1
1
1
1
1
1
1
1
1
1
1
1
1
1
1
1
1
1
1
1
1
1
1
1
1
1
1
1
1
1
1
1
1
1
1
1
1
1
1
1
1
1
1
1
1
1
1
1
1
1
1
1
1
1
1
1
1
1
1
1
1
1
1
1
1
1
1
1
1
1
1
1
1
1
1
1
1
1
1
1
1
1
1
1
1
1
1
1
1
1
1
1
1
1
1
1
1
1
1
1
1
1
1
1
1
1
1
1
1
1
1
1
1
1
1
1
1
1
1
1
1
1
1
1
1
1
1
1
1
1
1
1
1
1
1
1
1
1
1
1
1
1
1
1
1
1
1
1
1
1
1
1
1
1
1
1
1
1
1
1
1
1
1
1
1
1
1
1
1
1
1
1
1
1
1
1
1
1
1
1
1
1
1
1
1
1
1
1
1
1
1
1
1
1
1
1
1
1
1
1
1
1
1
1
1
1
1
1
1
1
1
1
1
1
1
1
1
1
1
1
1
1
1
1
1
1
1
1
1
1
1
1
1
1
1
1
1
1
1
1
1
1
1
1
1
1
1
1
1
1
1
1
1
1
1
1
1
1
1
1
1
1
1
1
1
1
1
1
1
1
1
1
1
1
1
1
1
1
1
1
1
1
1
1
1
1
1
1
1
1
1
1
1
1
1
1
1
1
1
1
1
1
1
1
1
1
1
1
1
1
1
1
1
1
1
1
1
1
1
1
1
1
1
1
1
1
1
1
1
1
1
1
1
1
1
1
1
1
1
1
1
1
1
1
1
1
1
1
1
1
1
1
1
1
1
1
1
1
1
1
1
1
1
1
1
1
1
1
1
1
1
1
1
1
1
1
1
1
1
1
1
1
1
1
1
1
1
1
1
1
1
1
1
1
1
1
1
1
1
1
1
1
1
1
1
1
1
1
1
1
1
1
1
1
1
1
1
1
1
1
1
1
1
1
1
1
1
1
1
1
1
1
1
1
1
1
1
1
1
1
1
1
1
1
1
1
1
1
1
1
1
1
1
1
1
1
1
1
1
1
1
1
1
1
1
1
1
1
1
1
1
1
1
1
1
1
1
1
1
1
1
1
1
1
1
1
1
1
1
1
1
1
1
1
1
1
1
1
1
1
1
1
1
1
1
1
1
1
1
1
1
1
1
1
1
1
1
1
1
1
1
1
1
1
1
1
1
1
1
1
1
1
1
1
1
1
1
1
1
1
1
1
1
1
1
1
1
1
1
1
1
1
1
1
1
1
1
1
1
1
1
1
1
1
1
1
1
1
1
1
1
1
1
1
1
1
1
1
1
1
1
1
1
1
1
1
1
1
1
1
1
1
1
1
1
1
1
1
1
1
1
1
1
1
1
1
1
1
1
1
1
1
1
1
1
1
1
1
1
1
1
1
1
1
1
1
1
1
1
1
1
1
1
1
1
1
1
1
1
1
1
1
1
1
1
1
1
1
1
1
1
1
1
1
1
1
1
1
1
1
1
1
1
1
1
1
1
1
1
1
1
1
1
1
1
1
1
1
1
1
1
1
1
1
1
1
1
1
1
1
1
1
1
1
1
1
1
1
1
1
1
1
1
1
1
1
1
1
1
1
1
1
1
1
1
1
1
1
1
1
1
1
1
1
1
1
1
1
1
1
1
1
1
1
1
1
1
1
1
1
1
1
1
1
1
1
1
1
1
1
1
1
1
1
1
1
1
1
1
1
1
1
1
1
1
1
1
1
1
1
1
1
1
1
1
1
1
1
1
1
1
1
1
1
1
1
1
1
1
1
1
1
1
1
1
1
1
1
1
1
1
1
1
1
1
1
1
1
1
1
1
1
1
1
1
1
1
1
1
1
1
1
1
1
1
1
1
1
1
1
1
1
1
1
1
1
1
1
1
1
1
1
1
1
1
1
1
1
1
1
1
1
1
1
1
1
1
1
1
1
1
1
1
1
1
1
1
1
1
1
1
1
1
1
1
1
1
1
1
1
1
1
1
1
1
1
1
1
1
1
1
1
1
1
1
1
1
1
1
1
1
1
1
1
1
1
1
1
1
1
1
1
1
1
1
1
1
1
1
1
1
1
1
1
1
1
1
1
1
1
1
1
1
1
1
1
1
1
1
1
1
1
1
1
1
1
1
1
1
1
1
1
1
1
1
1
1
1
1
1
1
1
1
1
1
1
1
1
1
1
1
1
1
1
1
1
1
1
1
1
1
1
1
1
1
1
1
1
1
1
1
1
1
1
1
1
1
1
1
1
1
1
1
1
1
1
1
1
1
1
1
1
1
1
1
1
1
1
1
1
1
1
1
1
1
1
1
1
1
1
1
1
1
1
1
1
1
1
1
1
1
1
1
1
1
1
1
1
1
1
1
1
1
1
1
1
1
1
1
1
1
1
1
1
1
1
1
1
1
1
1
1
1
1
1
1
1
1
1
1
1
1
1
1
1
1
1
1
1
1
1
1
1
1
1
1
1
1
1
1
1
1
1
1
1
1
1
1
1
1
1
1
1
1
1
1
1
1
1
1
1
1
1
1
1
1
1
1
1
1
1
1
1
1
1
1
1
1
1
1
1
1
1
1
1
1
1
1
1
1
1
1
1
1
1
1
1
1
1
1
1
1
1
1
1
1
1
1
1
1
1
1
1
1
1
1
1
1
1
1
1
1
1
1
1
1
1
1
1
1
1
1
1
1
1
1
1
1
1
1
1
1
1
1
1
1
1
1
1
1
1
1
1
1
1
1
1
1
1
1
1
1
1
1
1
1
1
1
1
1
1
1
1
1
1
1
1
1
1
1
1
1
1
1
1
1
1
1
1
1
1
1
1
1
1
1
1
1
1
1
1
1
1
1
1
1
1
1
1
1
1
1
1
1
1
1
1
1
1
1
1
1
1
1
1
1
1
1
1
1
1
1
1
1
1
1
1
1
1
1
1
1
1
1
1
1
1
1
1
1
1
1
1
1
1
1
1
1
1
1
1
1
1
1
1
1
1
1
1
1
1
1
1
1
1
1
1
1
1
1
1
1
1
1
1
1
1
1
1
1
1
1
1
1
1
1
1
1
1
1
1
1
1
1
1
1
1
1
1
1
1
1
1
1
1
1
1
1
1
1
1
1
1
1
1
1
1
1
1
1
1
1
1
1
1
1
1
1
1
1
1
1
1
1
1
1
1
1
1
1
1
1
1
1
1
1
1
1
1
1
1
1
1
1
1
1
1
1
1
1
1
1
1
1
1
1
1
1
1
1
1
1
1
1
1
1
1
1
1
1
1
1
1
1
1
1
1
1
1
1
1
1
1
1
1
1
1
1
1
1
1
1
1
1
1
1
1
1
1
1
1
1
1
1
1
1
1
1
1
1
1
1
1
1
1
1
1
1
1
1
1
1
1
1
1
1
1
0
0
1
1
1
1
1
1
1
1
1
1
1
1
1
1
1
1
1
1
1
1
1
1
1
1
1
1
1
1
1
1
1
1
1
1
1
1
1
1
1
1
1
1
1
1
1
1
1
1
1
1
1
1
1
1
1
1
1
1
1
1
1
1
1
1
1
1
1
1
1
1
1
1
1
1
1
1
1
1
1
1
1
1
1
1
1
1
1
1
1
1
1
1
1
1
1
1
1
1
1
1
1
1
1
1
1
1
1
1
1
1
1
1
1
1
1
1
1
2
1
1
1
1
1
1
1
1
1
1
1
1
1
1
1
1
1
1
1
0
1
1
0
0
1
0
1
1
1
1
1
1
1
1
1
1
1
1
1
1
1
1
1
1
1
1
1
1
1
1
1
1
1
1
1
1
1
1
1
1
1
1
1
1
1
1
1
1
1
1
1
1
1
1
1
1
1
1
1
1
1
1
1
1
1
1
1
1
1
1
1
1
1
1
1
1
1
1
0
0
1
1
1
1
1
1
1
1
1
1
1
1
1
1
1
1
1
1
1
1
1
1
1
1
0
1
1
1
1
1
1
1
1
1
1
1
1
1
1
1
1
1
1
1
1
1
0
1
1
1
1
0
0
0
0
0
1
1
1
1
1
1
1
1
1
1
1
1
1
1
1
1
1
1
1
1
1
1
1
1
1
1
1
1
1
1
1
1
1
1
1
1
1
1
1
1
1
1
1
1
1
1
1
1
1
1
1
1
1
1
1
1
1
1
1
1
1
0
0
0
0
0
0
0
0
0
0
0
0
0
0
1
1
1
1
1
1
1
1
1
1
1
1
1
1
0
1
1
1
1
1
1
1
1
1
1
1
1
1
1
1
1
1
1
1
1
1
1
1
1
1
1
1
1
1
1
1
1
1
1
1
1
1
1
1
1
1
1
1
1
1
1
1
1
1
1
1
1
1
1
1
1
1
1
1
1
1
1
1
1
1
1
1
1
1
1
1
1
1
1
1
1
1
1
1
1
1
1
1
1
1
1
1
1
1
1
1
1
1
1
1
1
1
1
1
1
1
2
1
1
1
1
1
1
1
1
1
1
1
1
1
1
1
1
1
1
1
1
1
1
1
1
1
1
1
1
1
1
1
1
1
1
1
1
1
1
0
0
0
1
1
1
1
1
1
1
1
1
1
1
1
1
1
1
1
1
1
1
1
1
1
1
1
1
1
1
1
1
1
1
1
1
1
1
1
1
1
1
1
1
1
1
1
1
1
1
1
1
1
1
1
1
1
1
1
1
1
1
1
1
1
1
1
1
1
1
1
1
1
1
1
1
1
1
1
1
1
1
1
1
1
1
1
1
1
1
1
1
1
1
1
1
1
1
1
1
1
1
1
1
1
1
1
1
1
1
1
1
1
1
1
1
1
1
1
1
1
1
1
1
1
1
1
1
1
1
1
1
1
1
1
1
1
1
1
1
1
1
1
1
1
1
0
1
1
1
1
1
1
1
1
1
1
1
1
1
1
1
1
1
1
1
1
1
1
1
1
1
1
1
1
1
1
1
1
1
1
1
1
1
1
1
1
1
1
1
1
1
1
1
1
1
1
1
1
1
1
1
1
1
1
1
1
1
1
1
1
1
0
0
0
0
0
0
1
1
1
1
1
1
1
1
1
1
1
1
1
1
1
1
1
1
1
1
1
1
1
1
1
1
1
1
1
1
1
1
1
1
1
1
1
1
1
1
1
1
1
1
1
1
1
1
1
1
1
1
1
1
1
1
1
1
1
1
1
1
1
1
1
1
1
1
1
1
1
1
1
1
1
1
0
1
1
1
1
1
1
1
1
1
1
1
1
1
1
1
1
1
1
0
0
0
0
0
0
0
0
0
0
0
0
1
1
1
1
1
1
1
1
1
1
1
1
1
1
1
1
1
1
1
1
1
1
1
1
1
1
0
0
0
0
0
0
0
0
0
0
0
0
0
0
0
0
0
0
0
0
0
0
0
0
0
0
0
0
0
0
0
0
0
0
0
0
0
0
0
0
0
1
1
1
1
1
1
1
1
1
1
1
1
1
1
1
1
1
1
1
1
1
1
1
1
1
1
1
1
1
1
1
1
1
1
1
1
1
1
1
1
1
1
1
1
1
1
1
1
1
1
1
1
1
1
1
1
1
1
1
1
1
1
1
1
1
1
1
1
1
1
1
1
1
1
1
1
1
1
1
1
1
1
1
1
1
1
1
1
1
1
1
1
1
1
1
1
1
1
1
1
1
1
1
1
0
1
1
1
1
1
1
1
1
1
1
1
1
1
1
1
1
1
1
1
1
1
1
1
1
1
1
1
1
1
1
1
1
1
1
1
1
1
1
1
1
1
1
1
1
1
1
1
1
1
1
1
1
1
1
1
1
1
1
1
1
1
1
1
1
1
1
1
1
1
1
1
1
1
1
1
1
1
1
1
1
1
1
1
1
1
1
1
1
1
1
1
1
1
1
1
1
1
1
1
1
1
1
1
1
1
1
1
1
1
1
1
1
1
1
1
1
1
1
1
1
1
1
1
1
1
1
1
1
1
1
1
1
1
1
1
1
1
1
1
1
1
1
1
1
1
1
1
1
1
1
1
1
1
1
1
1
1
1
1
1
1
1
1
1
1
1
1
1
1
1
1
1
2
1
1
1
1
1
1
1
1
1
1
1
1
1
1
1
1
1
1
1
1
1
1
1
1
1
1
1
1
1
1
1
1
1
1
1
1
1
1
1
1
1
1
1
1
1
1
1
1
1
1
1
1
1
1
1
1
1
1
1
1
1
1
1
1
1
1
1
1
1
1
1
1
1
1
1
1
1
1
1
1
1
1
1
1
1
1
1
1
1
1
1
1
1
1
1
1
1
1
1
1
1
1
1
1
1
1
1
1
1
1
1
1
1
1
1
1
1
1
1
1
1
1
1
1
1
1
1
1
1
1
1
1
1
1
1
1
1
1
1
1
1
1
1
1
1
1
1
1
1
1
1
1
1
1
1
1
1
1
1
1
1
1
1
1
1
1
1
1
1
1
1
1
1
1
1
1
1
1
1
1
1
1
1
1
1
1
1
1
1
1
1
1
0
1
1
1
1
1
1
1
1
1
1
1
1
1
1
1
1
1
1
1
1
1
1
1
1
1
1
1
1
1
1
1
1
1
1
1
1
1
1
0
0
1
1
1
1
1
1
1
1
1
1
1
1
0
0
0
0
0
0
0
0
0
0
0
0
0
0
0
0
0
0
0
0
0
0
0
0
0
0
0
0
0
0
0
0
0
0
0
0
0
0
0
0
0
0
0
0
0
0
0
0
0
0
0
0
0
0
0
0
0
0
0
0
0
0
0
0
0
0
0
0
0
0
0
0
0
0
0
0
0
0
0
0
0
1
1
1
1
1
1
1
1
1
1
1
1
1
1
1
1
1
1
1
1
1
1
1
1
1
1
1
1
1
1
1
1
1
1
1
1
1
1
1
1
1
1
1
1
1
1
1
1
1
1
1
1
1
1
1
1
1
1
1
1
1
1
1
1
1
1
1
1
1
1
1
1
1
1
1
1
1
1
1
1
1
1
1
1
1
1
1
1
1
1
1
1
1
1
1
1
1
1
1
1
1
1
1
1
1
1
1
1
1
1
1
1
1
1
1
1
1
1
1
1
1
1
1
1
1
1
1
1
1
1
1
1
1
1
1
1
1
1
1
1
1
1
1
1
1
1
1
1
1
1
1
1
1
1
1
1
1
1
1
1
1
1
1
1
1
1
1
1
1
1
1
1
1
1
1
1
1
1
1
1
1
1
1
1
1
1
1
1
1
1
1
1
1
1
1
1
1
1
1
1
1
1
1
1
1
1
1
1
1
1
1
1
1
1
1
1
1
1
1
1
1
1
1
1
1
1
1
1
1
1
1
1
1
1
1
1
1
1
1
1
1
1
1
1
1
1
1
1
1
1
1
1
1
1
1
1
1
1
1
1
1
1
1
1
1
1
1
1
1
1
1
1
1
1
1
1
1
1
1
1
1
1
1
1
1
1
1
1
1
1
1
1
1
1
1
1
1
1
1
1
1
1
1
1
1
1
1
1
1
1
1
1
1
1
1
1
1
1
1
1
1
1
1
1
1
1
1
1
1
1
1
1
1
1
1
1
1
1
1
1
1
1
1
1
1
1
1
1
1
1
1
1
1
1
1
1
1
1
1
1
1
1
1
1
1
1
1
1
1
1
1
1
1
1
1
1
1
1
1
1
1
1
1
1
1
1
1
1
1
1
1
1
1
1
1
1
1
1
1
1
1
1
1
1
1
1
1
1
1
1
1
1
1
1
1
1
1
1
1
1
1
1
1
1
1
1
1
1
1
1
1
1
1
1
1
1
1
1
1
1
1
1
1
1
1
1
1
1
1
1
1
1
1
1
1
1
1
1
1
1
1
1
1
1
1
1
1
1
1
1
1
1
1
1
0
0
0
0
0
0
0
0
0
0
0
0
0
0
0
0
0
0
0
0
0
0
0
0
0
0
0
0
0
0
0
0
0
0
0
0
0
0
0
0
0
0
0
0
0
0
0
0
0
0
0
0
0
0
0
0
0
0
0
0
0
0
0
0
0
0
0
0
0
0
0
0
0
0
0
0
0
0
0
0
0
0
0
0
0
0
0
0
0
0
0
0
0
0
0
0
0
0
0
0
0
0
0
0
0
0
0
0
0
0
0
0
0
0
0
0
0
0
0
0
0
0
0
0
0
0
0
0
0
0
0
0
0
0
0
0
0
0
0
0
0
0
0
0
0
0
0
0
0
0
0
0
0
0
0
0
0
0
0
0
0
0
0
0
0
0
0
0
0
0
0
0
0
0
0
0
0
0
0
0
0
0
0
0
0
0
0
0
0
0
0
0
0
0
0
0
0
0
0
0
0
0
0
0
0
0
0
0
0
0
0
0
0
0
0
0
0
0
0
0
0
0
0
0
0
0
0
0
0
0
0
0
0
0
0
0
0
0
0
0
0
0
0
0
0
0
0
0
0
0
0
0
1
1
1
1
1
1
1
1
1
1
1
1
1
1
1
1
1
1
1
1
1
1
1
1
1
1
1
1
1
1
1
1
1
1
1
1
1
1
1
1
1
1
1
1
1
1
1
1
1
1
1
1
1
1
1
1
1
1
1
1
1
1
1
1
1
1
1
1
1
1
1
1
1
1
1
1
1
1
1
1
1
1
1
1
1
1
1
1
1
1
1
1
1
1
1
1
1
1
1
1
1
1
1
1
1
1
1
1
1
1
1
1
1
1
1
1
1
1
1
1
1
1
1
1
1
1
1
1
1
1
1
1
1
1
1
1
1
1
1
1
1
1
1
1
1
1
1
1
1
1
1
1
1
1
1
1
1
1
1
1
1
1
1
1
1
1
1
1
1
1
1
1
1
1
1
1
0
0
0
0
0
0
0
1
0
1
1
1
1
1
1
1
1
1
1
1
1
1
1
1
1
1
1
1
1
1
1
1
1
1
1
1
1
1
1
1
1
1
1
1
1
1
1
1
1
1
1
1
1
1
1
1
1
1
1
1
1
1
1
1
1
1
1
1
1
1
1
1
1
1
1
1
1
1
1
1
1
1
1
1
1
1
1
1
1
1
1
1
1
1
1
1
1
1
1
1
1
1
1
1
1
1
1
1
1
1
1
1
1
1
1
1
1
1
1
1
1
1
1
1
1
1
1
1
1
1
1
1
1
1
1
1
1
1
1
1
1
1
1
1
1
1
1
1
1
1
1
1
1
1
1
1
1
1
1
1
1
1
1
1
1
1
1
1
1
1
1
1
1
1
1
1
1
1
1
1
1
1
1
1
1
1
1
1
1
1
1
1
1
1
1
1
1
1
1
1
1
1
1
1
1
1
1
1
1
1
1
1
1
1
1
1
1
1
1
1
1
1
1
1
1
1
1
1
1
1
1
1
1
1
1
1
1
1
1
1
1
1
1
1
1
1
1
1
1
1
1
1
1
1
1
1
1
1
1
1
1
1
1
1
1
1
1
1
1
1
1
1
1
1
1
1
1
1
1
1
1
1
1
1
1
1
1
1
1
1
1
1
1
1
1
1
1
1
1
1
1
1
1
1
1
1
1
1
1
1
1
1
1
1
1
1
1
1
1
1
1
1
1
1
1
1
1
1
1
1
1
1
1
1
1
1
1
1
1
1
1
1
1
1
1
1
1
1
1
1
1
1
1
1
1
1
1
1
1
1
1
1
1
1
1
1
1
1
1
1
1
1
1
1
1
1
1
1
1
1
1
1
1
1
1
1
1
1
1
1
1
1
1
1
1
1
1
1
1
1
1
1
1
1
1
1
1
1
1
1
1
1
1
1
1
1
1
1
1
1
1
1
1
1
1
1
1
1
1
1
1
1
1
1
1
1
1
1
1
1
1
1
1
1
1
1
1
1
1
1
1
1
1
1
1
1
1
1
1
1
1
1
1
1
1
1
1
1
1
1
1
1
1
1
1
1
1
1
1
1
1
1
1
1
1
1
1
1
1
1
1
1
1
1
1
1
1
1
1
1
1
1
1
1
1
1
1
1
1
1
1
1
1
1
1
1
1
1
1
1
1
1
1
1
1
1
1
1
1
1
1
1
1
1
1
1
1
1
1
1
1
1
1
1
1
1
1
1
1
1
1
1
1
1
1
1
1
1
1
1
1
1
1
1
1
1
1
1
1
1
1
1
1
1
1
1
1
1
1
1
1
1
1
1
1
1
1
1
1
1
1
1
1
1
1
1
1
1
1
1
1
1
1
1
1
1
1
1
1
1
1
1
1
1
1
1
1
1
1
1
1
1
1
1
1
1
1
1
1
1
1
1
1
1
1
1
1
1
1
1
1
1
1
1
1
1
1
1
1
1
1
1
1
1
1
1
1
1
1
1
1
1
1
1
1
1
1
1
1
1
1
1
1
1
1
1
1
1
1
1
1
1
1
1
1
1
1
1
1
1
1
1
1
1
1
1
1
1
1
1
1
1
1
1
1
1
1
1
1
1
1
1
1
1
1
1
1
1
1
1
1
1
1
1
1
1
1
1
1
1
1
1
1
1
1
1
1
1
1
1
1
1
1
1
1
1
1
1
1
1
1
1
1
1
1
1
1
1
1
1
1
1
1
1
1
1
1
1
1
1
1
1
1
1
1
1
1
1
1
1
1
1
1
1
1
1
1
1
1
1
1
1
1
1
1
1
1
1
1
1
1
1
1
1
1
1
1
1
1
1
1
1
1
1
1
2
4
1
2
1
1
2
1
2
1
1
1
1
1
1
1
1
2
1
1
1
1
1
1
1
1
1
1
1
1
1
1
1
1
1
1
1
1
1
1
1
1
1
1
1
1
1
1
1
1
1
1
1
1
1
1
1
1
1
1
1
1
1
1
1
1
1
1
1
1
1
1
1
1
1
1
1
1
1
1
1
1
1
1
1
1
1
1
1
1
1
0
0
0
0
0
0
0
0
0
1
1
1
1
1
1
1
1
1
1
1
1
1
1
1
1
1
1
1
1
1
1
1
1
1
1
1
1
1
1
1
1
1
1
1
1
1
1
1
1
1
1
1
1
1
1
1
1
1
1
1
1
1
1
1
1
1
1
1
1
1
1
1
1
1
1
1
1
1
1
1
1
1
1
1
1
1
1
1
1
1
1
1
1
1
1
1
1
1
1
1
1
1
1
1
1
1
1
1
1
1
1
1
1
1
1
1
1
1
1
1
1
1
1
1
1
1
1
1
1
1
1
1
1
1
1
1
1
1
1
1
1
1
1
1
1
1
1
1
1
1
1
1
1
1
1
1
1
1
1
1
1
1
1
1
1
1
1
1
1
1
1
1
1
1
1
1
1
1
1
1
1
1
1
1
1
1
1
1
1
1
1
1
1
1
1
1
1
1
1
1
1
1
1
1
1
1
1
1
1
1
1
1
1
1
1
1
1
1
1
1
1
1
1
1
1
1
1
1
1
1
1
1
1
1
1
1
1
1
1
1
1
1
1
1
1
1
1
1
1
1
1
1
1
1
1
1
1
1
1
1
1
1
1
1
1
1
1
1
1
1
1
1
1
1
1
1
1
1
1
1
1
1
1
1
1
1
1
1
1
1
1
1
1
1
1
1
1
1
1
1
1
1
1
1
1
1
1
1
1
1
1
1
1
1
1
1
1
1
1
1
1
1
1
1
1
1
1
1
1
1
1
1
1
1
1
1
1
1
1
1
1
1
1
1
1
1
1
1
1
1
1
1
1
1
1
1
1
1
1
1
1
1
1
1
1
1
1
1
1
1
1
1
1
1
1
1
1
1
1
1
1
1
1
1
1
1
1
1
1
1
1
1
1
1
1
1
1
1
1
1
1
1
1
1
1
1
1
1
1
1
1
1
1
1
1
1
1
1
1
1
1
1
1
1
1
1
1
1
1
1
1
1
1
1
1
1
1
1
1
1
1
1
1
1
1
1
1
1
1
1
1
1
1
1
1
1
1
1
1
1
1
1
1
1
1
1
1
1
1
1
1
1
1
1
1
1
1
1
1
1
1
1
1
1
1
1
1
1
1
1
1
1
1
1
1
1
1
1
1
1
1
1
1
1
1
1
1
1
1
1
1
1
1
1
1
1
1
1
1
1
1
1
1
1
1
1
1
1
1
1
1
1
1
1
1
1
1
1
1
1
1
1
1
1
1
1
1
1
1
1
1
1
1
1
1
1
1
1
1
1
1
1
1
1
1
1
1
1
1
1
1
1
1
1
1
1
1
1
1
1
1
1
1
1
1
1
1
1
1
1
1
1
1
1
1
1
1
1
1
1
1
1
1
1
1
1
1
1
1
1
1
1
1
1
1
1
1
1
1
1
1
1
1
1
1
1
1
1
1
1
1
1
1
1
1
1
1
1
1
1
1
1
1
1
1
1
1
1
1
1
1
1
1
1
1
1
1
1
1
1
1
1
1
1
1
1
1
1
1
1
1
1
1
1
1
1
1
1
1
1
1
1
1
1
1
1
1
1
1
1
1
1
1
1
1
1
1
1
1
1
1
1
1
1
1
1
1
1
1
1
1
1
1
1
1
1
1
1
1
1
1
1
1
1
1
1
1
1
1
1
1
1
1
1
1
1
1
1
1
1
1
1
1
1
1
1
1
1
1
1
1
1
1
1
1
1
1
1
1
1
1
1
1
1
1
1
1
1
1
1
1
1
1
1
1
1
1
1
1
1
1
1
1
1
1
1
1
1
1
1
1
1
1
1
1
1
1
1
1
1
1
1
1
1
1
1
1
1
1
1
1
1
1
1
1
1
1
1
1
1
1
1
1
1
1
1
1
1
1
1
1
1
1
1
1
1
1
1
1
1
1
1
1
1
1
1
1
1
1
1
1
1
1
1
1
1
1
1
1
1
1
1
1
1
1
1
1
1
1
1
1
1
1
1
1
1
1
1
1
1
1
1
1
1
1
1
1
1
1
1
1
1
1
1
1
1
1
1
1
1
1
1
1
1
1
1
1
1
1
1
1
1
1
1
1
1
1
1
1
1
1
1
1
1
1
1
1
1
1
1
1
1
noimage arts:1202
edited artikuls: 163
processing products...
processing collections...
725777
status code: 201
<?xml version="1.0" encoding="UTF-8"?>
<collection>
  <meta-description nil="true"></meta-description>
  <description nil="true"></description>
  <position type="integer">20</position>
  <is-hidden type="boolean">false</is-hidden>
  <seo-description nil="true"></seo-description>
  <permalink>paskha</permalink>
  <id type="integer">857641</id>
  <url>/collection/paskha</url>
  <title>&#1055;&#1072;&#1089;&#1093;&#1072;</title>
  <html-title nil="true"></html-title>
  <parent-id type="integer">725777</parent-id>
  <meta-keywords nil="true"></meta-keywords>
</collection>

[u'\u041f\u0430\u0441\u0445\u0430|', '857641']
collections added :1
calculating dictionary...
calculating collects...
new collects: 373
old collects: 84
error posting product 6892880 in collection800456 status code422
error posting product 6890853 in collection800951 status code422
error posting product 6889579 in collection800951 status code422
error posting product 6885124 in collection800588 status code422
error posting product 6894662 in collection800588 status code422
error posting product 6894834 in collection800506 status code422
error posting product 6894922 in collection800465 status code422
error posting product 6891890 in collection800467 status code422
error posting product 6895046 in collection800418 status code422
error posting product 6895008 in collection800418 status code422
error posting product 6525183 in collection800370 status code422
error posting product 6525206 in collection800370 status code422
error posting product 6525232 in collection800370 status code422
error posting product 6525233 in collection800370 status code422
error posting product 6447994 in collection800370 status code422
error posting product 6525211 in collection800370 status code422
error posting product 6525214 in collection800370 status code422
error posting product 6525193 in collection800370 status code422
error posting product 6891237 in collection800475 status code422
error posting product 6892846 in collection800471 status code422
error posting product 6891816 in collection800548 status code422
error posting product 6892903 in collection800909 status code422
error posting product 6892157 in collection800409 status code422
error posting product 6892926 in collection800402 status code422
error posting product 6894555 in collection800402 status code422
error posting product 6894820 in collection800593 status code422
error posting product 6894821 in collection800593 status code422
error posting product 6893434 in collection800394 status code422
error posting product 6891921 in collection800394 status code422
error posting product 6893267 in collection800394 status code422
error posting product 6891909 in collection800394 status code422
error posting product 6889362 in collection800394 status code422
error posting product 6890256 in collection800394 status code422
error posting product 6891901 in collection800394 status code422
error posting product 6893517 in collection800394 status code422
error posting product 6891905 in collection800394 status code422
error posting product 6885218 in collection800394 status code422
error posting product 6891847 in collection800394 status code422
error posting product 6893680 in collection800394 status code422
error posting product 6893583 in collection800394 status code422
error posting product 6891883 in collection800394 status code422
error posting product 6892113 in collection800394 status code422
error posting product 6892129 in collection800394 status code422
error posting product 6893635 in collection800394 status code422
error posting product 6893593 in collection800394 status code422
error posting product 6892632 in collection800394 status code422
error posting product 6893351 in collection800394 status code422
error posting product 6892609 in collection800394 status code422
error posting product 6894280 in collection800394 status code422
error posting product 6892588 in collection800394 status code422
error posting product 6892584 in collection800394 status code422
error posting product 6893652 in collection800394 status code422
error posting product 6891859 in collection800394 status code422
error posting product 6892409 in collection800394 status code422
error posting product 6893370 in collection800394 status code422
error posting product 6891851 in collection800394 status code422
error posting product 6891898 in collection800394 status code422
error posting product 6895130 in collection800394 status code422
error posting product 6891450 in collection800394 status code422
error posting product 6893536 in collection800394 status code422
error posting product 6892827 in collection800394 status code422
error posting product 6892113 in collection800395 status code422
error posting product 6893351 in collection800395 status code422
error posting product 6895141 in collection800395 status code422
error posting product 6892157 in collection800395 status code422
error posting product 6895134 in collection800395 status code422
error posting product 6894997 in collection800390 status code422
error posting product 6884310 in collection800390 status code422
error posting product 6894639 in collection800390 status code422
error posting product 6894648 in collection800390 status code422
error posting product 6894931 in collection800390 status code422
error posting product 6894925 in collection800390 status code422
error posting product 6894834 in collection800557 status code422
error posting product 6890396 in collection800413 status code422
error posting product 6890571 in collection800482 status code422
error posting product 6890827 in collection800424 status code422
error posting product 6889455 in collection800424 status code422
error posting product 6894875 in collection800424 status code422
error posting product 6889683 in collection800424 status code422
error posting product 6890789 in collection800424 status code422
error posting product 6884236 in collection800424 status code422
error posting product 6894895 in collection800424 status code422
error posting product 6894879 in collection800424 status code422
error posting product 6889461 in collection800424 status code422
error posting product 6894891 in collection800424 status code422
error posting product 6890128 in collection800427 status code422
error posting product 6895029 in collection800421 status code422
error posting product 6894993 in collection800421 status code422
error posting product 6895012 in collection800421 status code422
error posting product 6895013 in collection800421 status code422
error posting product 6894865 in collection800387 status code422
error posting product 6894654 in collection800541 status code422
error posting product 6894805 in collection800864 status code422
error posting product 6895017 in collection800864 status code422
error posting product 6894794 in collection800864 status code422
error posting product 6894809 in collection800864 status code422
error posting product 6894791 in collection800864 status code422
error posting product 6890719 in collection800492 status code422
error posting product 6893415 in collection800492 status code422
error posting product 6893290 in collection800492 status code422
error posting product 6892061 in collection800492 status code422
error posting product 6892057 in collection800492 status code422
error posting product 6893280 in collection800492 status code422
error posting product 6891996 in collection800492 status code422
error posting product 6892042 in collection800492 status code422
error posting product 6892034 in collection800492 status code422
error posting product 6892126 in collection800492 status code422
error posting product 6893347 in collection800492 status code422
error posting product 6895299 in collection800904 status code422
error posting product 6895278 in collection800904 status code422
error posting product 6895282 in collection800904 status code422
error posting product 6894682 in collection800432 status code422
error posting product 6891538 in collection800432 status code422
error posting product 6894846 in collection800430 status code422
error posting product 6894213 in collection800437 status code422
error posting product 6892816 in collection800437 status code422
error posting product 6894216 in collection800437 status code422
error posting product 6894505 in collection800437 status code422
error posting product 6894468 in collection800437 status code422
error posting product 6894487 in collection800437 status code422
error posting product 6892726 in collection800437 status code422
error posting product 6894705 in collection800530 status code422
error posting product 6889622 in collection800535 status code422
error posting product 6884310 in collection800535 status code422
error posting product 6891981 in collection800474 status code422
error posting product 6893540 in collection800474 status code422
error posting product 6891237 in collection800474 status code422
error posting product 6893955 in collection800474 status code422
error posting product 6894581 in collection800879 status code422
error posting product 6894983 in collection800879 status code422
error posting product 6895026 in collection800879 status code422
error posting product 6891382 in collection800600 status code422
error posting product 6892897 in collection800600 status code422
error posting product 6891385 in collection800600 status code422
error posting product 6892915 in collection800600 status code422
error posting product 6894690 in collection800443 status code422
error posting product 6894700 in collection800441 status code422
error posting product 6891835 in collection800884 status code422
collects added:235
status code: 200
status code: 200
status code: 200
status code: 200
status code: 200
status code: 200
status code: 200
status code: 200
status code: 200
status code: 200
status code: 200
status code: 200
status code: 200
status code: 200
status code: 200
status code: 200
status code: 200
status code: 200
status code: 200
status code: 200
status code: 200
status code: 200
status code: 200
status code: 200
status code: 200
status code: 200
status code: 200
status code: 200
status code: 200
status code: 200
status code: 200
status code: 200
status code: 200
status code: 200
status code: 200
status code: 200
status code: 200
status code: 200
status code: 200
status code: 200
status code: 200
status code: 200
status code: 200
status code: 200
status code: 200
status code: 200
status code: 200
status code: 200
status code: 200
status code: 200
status code: 200
status code: 200
status code: 200
status code: 200
status code: 200
status code: 200
status code: 200
status code: 200
status code: 200
status code: 200
status code: 200
status code: 200
status code: 200
status code: 200
status code: 200
status code: 200
status code: 200
status code: 200
status code: 200
status code: 200
status code: 200
status code: 200
status code: 200
status code: 200
status code: 200
status code: 200
status code: 200
status code: 200
status code: 200
status code: 200
status code: 200
status code: 200
status code: 200
status code: 200
collects removed:84
collections removed :0
_______________
